12:56:39.839 INFO - Selenium build info: version: '3.5.3', revision: 'a88d25fe6b'
12:56:39.842 INFO - Launching a standalone Selenium Server
2017-09-17 12:56:39.912:INFO::main: Logging initialized @738ms to org.seleniumhq.jetty9.util.log.StdErrLog
12:56:40.084 INFO - Driver class not found: com.opera.core.systems.OperaDriver
12:56:40.172 INFO - Driver provider class org.openqa.selenium.ie.InternetExplorerDriver registration is skipped:
 registration capabilities Capabilities [{ensureCleanSession=true, browserName=internet explorer, version=, platform=WINDOWS}] does not match the current platform MAC
12:56:40.172 INFO - Driver provider class org.openqa.selenium.edge.EdgeDriver registration is skipped:
 registration capabilities Capabilities [{browserName=MicrosoftEdge, version=, platform=WINDOWS}] does not match the current platform MAC
12:56:40.258 INFO - Using the passthrough mode handler
2017-09-17 12:56:40.331:INFO:osjs.Server:main: jetty-9.4.5.v20170502
2017-09-17 12:56:40.385:WARN:osjs.SecurityHandler:main: ServletContext@o.s.j.s.ServletContextHandler@3701eaf6{/,null,STARTING} has uncovered http methods for path: /
2017-09-17 12:56:40.401:INFO:osjsh.ContextHandler:main: Started o.s.j.s.ServletContextHandler@3701eaf6{/,null,AVAILABLE}
2017-09-17 12:56:40.476:INFO:osjs.AbstractConnector:main: Started ServerConnector@5a1c0542{HTTP/1.1,[http/1.1]}{0.0.0.0:4444}
2017-09-17 12:56:40.478:INFO:osjs.Server:main: Started @1304ms
12:56:40.478 INFO - Selenium Server is up and running
2017-09-17 12:56:40.954:INFO:osjshC.ROOT:qtp166239592-10: org.openqa.selenium.remote.server.WebDriverServlet-5622fdf: Initialising WebDriverServlet
12:56:41.042 INFO - Binding default provider to: org.openqa.selenium.chrome.ChromeDriverService
12:56:41.043 INFO - Found handler: org.openqa.selenium.remote.server.BeginSession@2c77c519
12:56:41.052 INFO - /session: Executing POST on /session (handler: BeginSession)
12:56:41.180 INFO - Capabilities are: Capabilities {acceptSslCerts=true, name=Index Spec, browserName=chrome, javascriptEnabled=true, platformName=ANY, platform=ANY, }
12:56:41.181 INFO - Capabilities {acceptSslCerts=true, name=Index Spec, browserName=chrome, javascriptEnabled=true, platformName=ANY, platform=ANY, } matched class org.openqa.selenium.remote.server.ServicedSession$Factory (provider: org.openqa.selenium.chrome.ChromeDriverService)
12:56:41.183 INFO - Capabilities {acceptSslCerts=true, name=Index Spec, browserName=chrome, javascriptEnabled=true, platformName=ANY, platform=ANY, } matched class org.openqa.selenium.remote.server.ServicedSession$Factory (provider: org.openqa.selenium.chrome.ChromeDriverService)
Starting ChromeDriver 2.32.498537 (cb2f855cbc7b82e20387eaf9a43f6b99b6105061) on port 28735
Only local connections are allowed.
12:56:43.389 INFO - Found handler: org.openqa.selenium.remote.server.ServicedSession@3563bce
12:56:43.389 INFO - Handler thread for session 7cf4dbb42d25d033c406151abe888abe (chrome): Executing POST on /session/7cf4dbb42d25d033c406151abe888abe/url (handler: ServicedSession)
12:56:43.391 INFO - To upstream: {"url":"http://www.baidu.com"}
12:56:44.126 INFO - To downstream: {"sessionId":"7cf4dbb42d25d033c406151abe888abe","status":0,"value":null}
